2-species diurnal advection-diffusion problem, 10 by 10 mesh
SPGMR solver; band preconditioner on left; mu, ml = 2  2

t = 7.20e+03   no. steps = 190   order = 5   stepsize = 1.61e+02
c1 (bot.left/middle/top rt.) =    1.047e+04     2.964e+04     1.119e+04
c2 (bot.left/middle/top rt.) =    2.527e+11     7.154e+11     2.700e+11

t = 1.44e+04   no. steps = 221   order = 5   stepsize = 3.83e+02
c1 (bot.left/middle/top rt.) =    6.659e+06     5.316e+06     7.301e+06
c2 (bot.left/middle/top rt.) =    2.582e+11     2.057e+11     2.833e+11

t = 2.16e+04   no. steps = 246   order = 5   stepsize = 2.78e+02
c1 (bot.left/middle/top rt.) =    2.665e+07     1.036e+07     2.931e+07
c2 (bot.left/middle/top rt.) =    2.993e+11     1.028e+11     3.313e+11

t = 2.88e+04   no. steps = 289   order = 4   stepsize = 1.22e+02
c1 (bot.left/middle/top rt.) =    8.702e+06     1.292e+07     9.650e+06
c2 (bot.left/middle/top rt.) =    3.380e+11     5.029e+11     3.751e+11

t = 3.60e+04   no. steps = 321   order = 5   stepsize = 8.06e+01
c1 (bot.left/middle/top rt.) =    1.404e+04     2.029e+04     1.561e+04
c2 (bot.left/middle/top rt.) =    3.387e+11     4.894e+11     3.765e+11

t = 4.32e+04   no. steps = 381   order = 5   stepsize = 5.82e+02
c1 (bot.left/middle/top rt.) =   -3.244e-09    -3.868e-07     4.435e-09
c2 (bot.left/middle/top rt.) =    3.382e+11     1.355e+11     3.804e+11

t = 5.04e+04   no. steps = 413   order = 3   stepsize = 1.96e+02
c1 (bot.left/middle/top rt.) =    1.968e-09     5.425e-08     3.321e-09
c2 (bot.left/middle/top rt.) =    3.358e+11     4.930e+11     3.864e+11

t = 5.76e+04   no. steps = 434   order = 5   stepsize = 1.80e+02
c1 (bot.left/middle/top rt.) =   -2.919e-10    -6.361e-09     1.008e-09
c2 (bot.left/middle/top rt.) =    3.320e+11     9.650e+11     3.909e+11

t = 6.48e+04   no. steps = 448   order = 5   stepsize = 5.54e+02
c1 (bot.left/middle/top rt.) =   -4.192e-16    -7.067e-15    -3.178e-15
c2 (bot.left/middle/top rt.) =    3.313e+11     8.922e+11     3.963e+11

t = 7.20e+04   no. steps = 461   order = 5   stepsize = 5.54e+02
c1 (bot.left/middle/top rt.) =    1.179e-15    -1.038e-18    -2.313e-18
c2 (bot.left/middle/top rt.) =    3.330e+11     6.186e+11     4.039e+11

t = 7.92e+04   no. steps = 474   order = 5   stepsize = 5.54e+02
c1 (bot.left/middle/top rt.) =   -4.154e-16    -7.408e-19     7.031e-16
c2 (bot.left/middle/top rt.) =    3.334e+11     6.669e+11     4.120e+11

t = 8.64e+04   no. steps = 487   order = 5   stepsize = 5.54e+02
c1 (bot.left/middle/top rt.) =   -2.037e-16     1.897e-23    -4.666e-21
c2 (bot.left/middle/top rt.) =    3.352e+11     9.106e+11     4.163e+11


Final Statistics.. 

lenrw   =  2000    leniw =     0
llrw    =  2046    lliw  =     0
nst     =   487    nfe   =  1246
nni     =   636    nli   =   562
nsetups =    96    netf  =    34
npe     =     9    nps   =  1117
ncfn    =     0    ncfl  =     0
 
