dump of sequence tree
                            TYPE              CLASS        NAME  duration      ADCs     TPOIs |  module specific
                            ----------------------------------------------------------------- |  ---------------
sequence-root---------->   CONCAT       CONCATSEQUENCE        R 64000.000    32768     35962  |  Repetitions = 1
  |_ child 1   -------->   CONCAT       CONCATSEQUENCE        C 64000.000    32768     35962  |  Repetitions = 128
    |_ child 1   ------>     ATOM       ATOMICSEQUENCE       A1     0.100        0         3  | 
      |_ child 1   ---->    PULSE          HARDRFPULSE       P1     0.100        0         3  |  Axis = RF  , (Flipangle,Phase,Bandwidth,Channel,Symmetry) = (90,812800,1e+16,0,0.5) 
    |_ child 2   ------>     ATOM       ATOMICSEQUENCE       A2     2.890        0         6  | 
      |_ child 1   ---->    PULSE        TRAPGRADPULSE       P2     2.890        0         4  |  Axis = GX  , Area = 1.88103
      |_ child 2   ---->    PULSE        TRAPGRADPULSE       P3     2.550        0         4  |  Axis = GY  , Area = -1.54625
    |_ child 3   ------>   CONCAT       CONCATSEQUENCE      nTE    11.160      256       264  |  Repetitions = 1
      |_ child 1   ---->     ATOM       ATOMICSEQUENCE       A3     5.580      128       132  | 
        |_ child 1   -->    PULSE        TRAPGRADPULSE       P4     5.580      128       132  |  Axis = GX  , Area = -3.76206 , FlatTop: (Area,time)= (-3.14159,4)
      |_ child 2   ---->     ATOM       ATOMICSEQUENCE      A3r     5.580      128       132  | 
        |_ child 1   -->    PULSE        TRAPGRADPULSE      P4r     5.580      128       132  |  Axis = GX  , Area = 3.76206 , FlatTop: (Area,time)= (3.14159,4)
    |_ child 4   ------>     ATOM       ATOMICSEQUENCE       A4     2.890        0         6  | 
      |_ child 1   ---->    PULSE        TRAPGRADPULSE       P5     2.890        0         4  |  Axis = GX  , Area = -1.88103
      |_ child 2   ---->    PULSE        TRAPGRADPULSE       P6     2.550        0         4  |  Axis = GY  , Area = 1.54625
    |_ child 5   ------>     ATOM  DELAYATOMICSEQUENCE       D2   482.960        0         2  |  DelayType = B2E  , StartSeq = A1 , Delay = 500
      |_ child 1   ---->    PULSE           EMPTYPULSE    eP_D2   482.960        0         2  |  Axis = none 
