dump of sequence tree
                            TYPE              CLASS        NAME  duration      ADCs     TPOIs |  module specific
                            ----------------------------------------------------------------- |  ---------------
sequence-root---------->   CONCAT       CONCATSEQUENCE      EPI   300.000    12288     14037  |  Repetitions = 3
  |_ child 1   -------->  CONTAIN            CONTAINER      SLS     1.893        0       124  | ContainerSequence filename: cs_sls.xml
>>>>>>>>>>
  |_ CSroot    -------->   CONCAT    CONTAINERSEQUENCE      SLS     1.893        0       124  | 
    |_ child 1   ------>     ATOM       ATOMICSEQUENCE       A1     1.893        0       124  | 
      |_ child 1   ---->    PULSE          SINCRFPULSE       P1     1.667     -100       121  |  Axis = RF  , InitDelay = 0.113097 , (Flipangle,Phase,Bandwidth,Channel,Symmetry) = (90,0,3,0,0.5)  , (Zero-crossings,Apodization) = (2.5,0.5)
      |_ child 2   ---->    PULSE        TRAPGRADPULSE       P2     1.893        0         4  |  Axis = GZ  , Area = 4.02573 , FlatTop: (Area,time)= (3.76991,1.66667)
<<<<<<<<<<
  |_ child 2   -------->     ATOM       ATOMICSEQUENCE       A1     0.653        0         8  | 
    |_ child 1   ------>    PULSE        TRAPGRADPULSE       P1     0.412        0         4  |  Axis = GX  , Area = -0.847083
    |_ child 2   ------>    PULSE        TRAPGRADPULSE       P2     0.396        0         4  |  Axis = GY  , Area = 0.785398
    |_ child 3   ------>    PULSE        TRAPGRADPULSE       P3     0.653        0         4  |  Axis = GZ  , Area = -2.01287
  |_ child 3   -------->     ATOM  DELAYATOMICSEQUENCE       D1    10.440        0         2  |  DelayType = C2C  , StartSeq = A1 , StopSeq = ER
    |_ child 1   ------>    PULSE           EMPTYPULSE    eP_D1    10.440        0         2  |  Axis = none 
  |_ child 4   -------->  CONTAIN            CONTAINER       ER    78.467     4096      4543  | ContainerSequence filename: cs_epiro.xml
>>>>>>>>>>
  |_ CSroot    -------->   CONCAT    CONTAINERSEQUENCE      EPI    78.467     4096      4543  | 
    |_ child 1   ------>   CONCAT       CONCATSEQUENCE        C    78.467     4096      4543  |  Repetitions = 64
      |_ child 1   ---->     ATOM       ATOMICSEQUENCE       A1     1.157       64        68  | 
        |_ child 1   -->    PULSE        TRAPGRADPULSE       P1     1.157       64        68  |  Axis = GX  , Area = -1.69417 , FlatTop: (Area,time)= (-1.5708,1)
      |_ child 2   ---->     ATOM       ATOMICSEQUENCE       A2     0.000        0         2  | 
        |_ child 1   -->    PULSE        TRAPGRADPULSE       P2     0.000        0         4  |  Axis = GY  , Area = 0
<<<<<<<<<<
  |_ child 5   -------->     ATOM  DELAYATOMICSEQUENCE       D2     8.547        0         2  |  DelayType = B2E  , StartSeq = SLS
    |_ child 1   ------>    PULSE           EMPTYPULSE    eP_D2     8.547        0         2  |  Axis = none 
